#
# There is insufficient memory for the Java Runtime Environment to continue.
# Native memory allocation (mmap) failed to map 132120576 bytes for Failed to commit area from 0x0000000083000000 to 0x000000008ae00000 of length 132120576.
# Possible reasons:
#   The system is out of physical RAM or swap space
#   The process is running with CompressedOops enabled, and the Java Heap may be blocking the growth of the native heap
# Possible solutions:
#   Reduce memory load on the system
#   Increase physical memory or swap space
#   Check if swap backing store is full
#   Decrease Java heap size (-Xmx/-Xms)
#   Decrease number of Java threads
#   Decrease Java thread stack sizes (-Xss)
#   Set larger code cache with -XX:ReservedCodeCacheSize=
# This output file may be truncated or incomplete.
#
#  Out of Memory Error (./open/src/hotspot/os/windows/os_windows.cpp:3287), pid=16824, tid=15008
#
# JRE version:  (11.0.16+11) (build )
# Java VM: Java HotSpot(TM) 64-Bit Server VM (11.0.16+11-LTS-199, mixed mode, sharing, tiered, compressed oops, g1 gc, windows-amd64)
# No core dump will be written. Minidumps are not enabled by default on client versions of Windows
#

---------------  S U M M A R Y ------------

Command Line: Interprete Pruebas/Prueba5.txt

Host: Intel(R) Core(TM) i7-9750H CPU @ 2.60GHz, 12 cores, 7G,  Windows 10 , 64 bit Build 19041 (10.0.19041.3393)
Time: Sat Oct  7 20:22:16 2023 Hora estándar central (México) elapsed time: 0.094486 seconds (0d 0h 0m 0s)

---------------  T H R E A D  ---------------

Current thread (0x000001a4b4667000):  JavaThread "Unknown thread" [_thread_in_vm, id=15008, stack(0x00000062eb100000,0x00000062eb200000)]

Stack: [0x00000062eb100000,0x00000062eb200000]
Native frames: (J=compiled Java code, j=interpreted, Vv=VM code, C=native code)
V  [jvm.dll+0x62a3ea]
V  [jvm.dll+0x76418f]
V  [jvm.dll+0x765839]
V  [jvm.dll+0x765ec3]
V  [jvm.dll+0x23da98]
V  [jvm.dll+0x62770a]
V  [jvm.dll+0x61c475]
V  [jvm.dll+0x2f2aac]
V  [jvm.dll+0x2f2932]
V  [jvm.dll+0x2f7656]
V  [jvm.dll+0x33a1cf]
V  [jvm.dll+0x339c00]
V  [jvm.dll+0x2d00c8]
V  [jvm.dll+0x2d1236]
V  [jvm.dll+0x73e757]
V  [jvm.dll+0x73ffef]
V  [jvm.dll+0x346ef9]
V  [jvm.dll+0x723f90]
V  [jvm.dll+0x3b5adf]
V  [jvm.dll+0x3b7bf1]
C  [jli.dll+0x5207]
C  [ucrtbase.dll+0x21bb2]
C  [KERNEL32.DLL+0x17344]
C  [ntdll.dll+0x526b1]


---------------  P R O C E S S  ---------------

Threads class SMR info:
_java_thread_list=0x000001a4b2be0c50, length=0, elements={
}

Java Threads: ( => current thread )

Other Threads:
  0x000001a4b467b000 GCTaskThread "GC Thread#0" [stack: 0x00000062eb200000,0x00000062eb300000] [id=11100]
  0x000001a4b46ac800 ConcurrentGCThread "G1 Main Marker" [stack: 0x00000062eb300000,0x00000062eb400000] [id=10488]
  0x000001a4b46ae000 ConcurrentGCThread "G1 Conc#0" [stack: 0x00000062eb400000,0x00000062eb500000] [id=25316]

[error occurred during error reporting (printing all threads), id 0xc0000005, EXCEPTION_ACCESS_VIOLATION (0xc0000005) at pc=0x00007ffda077f357]

VM state:not at safepoint (not fully initialized)

VM Mutex/Monitor currently owned by a thread:  ([mutex/lock_event])
[0x000001a4b4662e20] Heap_lock - owner thread: 0x000001a4b4667000

Heap address: 0x0000000083000000, size: 2000 MB, Compressed Oops mode: Non-zero based: 0x0000000083000000
Narrow klass base: 0x0000000000000000, Narrow klass shift: 0

GC Heap History (0 events):
No events

Deoptimization events (0 events):
No events

Classes redefined (0 events):
No events

Internal exceptions (0 events):
No events

Events (0 events):
No events


Dynamic libraries:
0x00007ff74e8d0000 - 0x00007ff74e8df000 	C:\Program Files\Java\jdk-11.0.16\bin\java.exe
0x00007ffdf5990000 - 0x00007ffdf5b88000 	C:\WINDOWS\SYSTEM32\ntdll.dll
0x00007ffdf52f0000 - 0x00007ffdf53ad000 	C:\WINDOWS\System32\KERNEL32.DLL
0x00007ffdf3100000 - 0x00007ffdf33f6000 	C:\WINDOWS\System32\KERNELBASE.dll
0x00007ffdf3570000 - 0x00007ffdf3670000 	C:\WINDOWS\System32\ucrtbase.dll
0x00007ffded7a0000 - 0x00007ffded7b8000 	C:\Program Files\Java\jdk-11.0.16\bin\jli.dll
0x00007ffdecf20000 - 0x00007ffdecf35000 	C:\Program Files\Java\jdk-11.0.16\bin\VCRUNTIME140.dll
0x00007ffdf3b20000 - 0x00007ffdf3bce000 	C:\WINDOWS\System32\ADVAPI32.dll
0x00007ffdf3fe0000 - 0x00007ffdf407e000 	C:\WINDOWS\System32\msvcrt.dll
0x00007ffdf46f0000 - 0x00007ffdf478c000 	C:\WINDOWS\System32\sechost.dll
0x00007ffdf39f0000 - 0x00007ffdf3b16000 	C:\WINDOWS\System32\RPCRT4.dll
0x00007ffdf4550000 - 0x00007ffdf46ee000 	C:\WINDOWS\System32\USER32.dll
0x00007ffdf3720000 - 0x00007ffdf3742000 	C:\WINDOWS\System32\win32u.dll
0x00007ffdd8330000 - 0x00007ffdd85ca000 	C:\WINDOWS\WinSxS\amd64_microsoft.windows.common-controls_6595b64144ccf1df_6.0.19041.1110_none_60b5254171f9507e\COMCTL32.dll
0x00007ffdf3c80000 - 0x00007ffdf3cac000 	C:\WINDOWS\System32\GDI32.dll
0x00007ffdf3400000 - 0x00007ffdf351a000 	C:\WINDOWS\System32\gdi32full.dll
0x00007ffdf3780000 - 0x00007ffdf381d000 	C:\WINDOWS\System32\msvcp_win.dll
0x00007ffdeb990000 - 0x00007ffdeb99a000 	C:\WINDOWS\SYSTEM32\VERSION.dll
0x00007ffdf50a0000 - 0x00007ffdf50d0000 	C:\WINDOWS\System32\IMM32.DLL
0x00007ffdb3d80000 - 0x00007ffdb3e1b000 	C:\Program Files\Java\jdk-11.0.16\bin\msvcp140.dll
0x00007ffda04a0000 - 0x00007ffda0fb8000 	C:\Program Files\Java\jdk-11.0.16\bin\server\jvm.dll
0x00007ffdf5940000 - 0x00007ffdf5948000 	C:\WINDOWS\System32\PSAPI.DLL
0x00007ffde3e30000 - 0x00007ffde3e57000 	C:\WINDOWS\SYSTEM32\WINMM.dll
0x00007ffdecc50000 - 0x00007ffdecc59000 	C:\WINDOWS\SYSTEM32\WSOCK32.dll
0x00007ffdf5410000 - 0x00007ffdf547b000 	C:\WINDOWS\System32\WS2_32.dll
0x00007ffdf1850000 - 0x00007ffdf1862000 	C:\WINDOWS\SYSTEM32\kernel.appcore.dll
0x00007ffdeeb10000 - 0x00007ffdeeb20000 	C:\Program Files\Java\jdk-11.0.16\bin\verify.dll
0x00007ffdf0c30000 - 0x00007ffdf0e14000 	C:\WINDOWS\SYSTEM32\DBGHELP.DLL
0x00007ffdd2850000 - 0x00007ffdd2884000 	C:\WINDOWS\SYSTEM32\dbgcore.DLL
0x00007ffdf3070000 - 0x00007ffdf30f2000 	C:\WINDOWS\System32\bcryptPrimitives.dll
0x00007ffdecc20000 - 0x00007ffdecc48000 	C:\Program Files\Java\jdk-11.0.16\bin\java.dll
0x00007ffdeeac0000 - 0x00007ffdeeaca000 	C:\Program Files\Java\jdk-11.0.16\bin\jimage.dll
0x00007ffdecaf0000 - 0x00007ffdecb06000 	C:\Program Files\Java\jdk-11.0.16\bin\zip.dll

dbghelp: loaded successfully - version: 4.0.5 - missing functions: none
symbol engine: initialized successfully - sym options: 0x614 - pdb path: .;C:\Program Files\Java\jdk-11.0.16\bin;C:\WINDOWS\SYSTEM32;C:\WINDOWS\WinSxS\amd64_microsoft.windows.common-controls_6595b64144ccf1df_6.0.19041.1110_none_60b5254171f9507e;C:\Program Files\Java\jdk-11.0.16\bin\server

VM Arguments:
java_command: Interprete Pruebas/Prueba5.txt
java_class_path (initial): .
Launcher Type: SUN_STANDARD

[Global flags]
     intx CICompilerCount                          = 4                                         {product} {ergonomic}
     uint ConcGCThreads                            = 3                                         {product} {ergonomic}
     uint G1ConcRefinementThreads                  = 10                                        {product} {ergonomic}
   size_t G1HeapRegionSize                         = 1048576                                   {product} {ergonomic}
    uintx GCDrainStackTargetSize                   = 64                                        {product} {ergonomic}
   size_t InitialHeapSize                          = 132120576                                 {product} {ergonomic}
   size_t MarkStackSize                            = 4194304                                   {product} {ergonomic}
   size_t MaxHeapSize                              = 2097152000                                {product} {ergonomic}
   size_t MinHeapDeltaBytes                        = 1048576                                   {product} {ergonomic}
    uintx NonNMethodCodeHeapSize                   = 5836300                                {pd product} {ergonomic}
    uintx NonProfiledCodeHeapSize                  = 122910970                              {pd product} {ergonomic}
    uintx ProfiledCodeHeapSize                     = 122910970                              {pd product} {ergonomic}
    uintx ReservedCodeCacheSize                    = 251658240                              {pd product} {ergonomic}
     bool SegmentedCodeCache                       = true                                      {product} {ergonomic}
     bool UseCompressedClassPointers               = true                                 {lp64_product} {ergonomic}
     bool UseCompressedOops                        = true                                 {lp64_product} {ergonomic}
     bool UseG1GC                                  = true                                      {product} {ergonomic}
     bool UseLargePagesIndividualAllocation        = false                                  {pd product} {ergonomic}

Logging:
Log output configuration:
 #0: stdout all=warning uptime,level,tags
 #1: stderr all=off uptime,level,tags

Environment Variables:
PATH=C:\Program Files\Common Files\Oracle\Java\javapath;C:\Program Files (x86)\Common Files\Oracle\Java\javapath;C:\WINDOWS\system32;C:\WINDOWS;C:\WINDOWS\System32\Wbem;C:\WINDOWS\System32\WindowsPowerShell\v1.0\;C:\WINDOWS\System32\OpenSSH\;C:\Program Files\Java\jdk-11.0.16\bin;C:\MinGW\bin;C:\Program Files\Git\cmd;C:\Program Files\MySQL\MySQL Shell 8.0\bin\;C:\Users\ironr\AppData\Local\Microsoft\WindowsApps;C:\MinGW\bin;;C:\Users\ironr\AppData\Local\Programs\Microsoft VS Code\bin
USERNAME=ironr
OS=Windows_NT
PROCESSOR_IDENTIFIER=Intel64 Family 6 Model 158 Stepping 10, GenuineIntel



---------------  S Y S T E M  ---------------

OS: Windows 10 , 64 bit Build 19041 (10.0.19041.3393)
Hyper-V role detected

CPU:total 12 (initial active 12) (6 cores per cpu, 2 threads per core) family 6 model 158 stepping 10 microcode 0xd2, cmov, cx8, fxsr, mmx, sse, sse2, sse3, ssse3, sse4.1, sse4.2, popcnt, avx, avx2, aes, clmul, erms, 3dnowpref, lzcnt, ht, tsc, tscinvbit, bmi1, bmi2, adx, fma

Memory: 4k page, system-wide physical 7998M (318M free)
TotalPageFile size 32574M (AvailPageFile size 20M)
current process WorkingSet (physical memory assigned to process): 10M, peak: 10M
current process commit charge ("private bytes"): 64M, peak: 190M

vm_info: Java HotSpot(TM) 64-Bit Server VM (11.0.16+11-LTS-199) for windows-amd64 JRE (11.0.16+11-LTS-199), built on Jun 28 2022 08:23:17 by "mach5one" with MS VC++ 15.9 (VS2017)

END.
